{"ts":1760279086,"action":"follow","user_id":"15845d6f39cfa1518713e5be0b8a2b88","url":"http://dwmqj3nlsod.net"}
{"ts":1760279342,"action":"follow","user_id":"15845d6f39cfa1518713e5be0b8a2b88","url":"http://dwmqj3nlsod.net"}
{"ts":1760279358,"action":"follow","user_id":"15845d6f39cfa1518713e5be0b8a2b88","url":"http://hp4fsvyiou9.yandex/drxjbwib288of"}
{"ts":1760279455,"action":"follow","user_id":"c5f331d475739c3ce0ce7e16a3e07610","url":"http://hp4fsvyiou9.yandex/drxjbwib288of"}
{"ts":1760725804,"action":"shorten","user_id":"","url":"https://ya.ru"}
{"ts":1760725823,"action":"shorten","user_id":"0b7545d14ef5a1827da73b01f8cf8bb5","url":"https://google.com/"}
{"ts":1760727912,"action":"shorten","user_id":"","url":"https://ya.ru"}
{"ts":1760728141,"action":"shorten","user_id":"","url":"https://ya.ru"}
{"ts":1760728183,"action":"shorten","user_id":"8c21806bdd82deb8f4c47bb3b0391a7f","url":"https://ya.ru"}
{"ts":1760728184,"action":"shorten","user_id":"8c21806bdd82deb8f4c47bb3b0391a7f","url":"https://ya.ru"}
{"ts":1760728185,"action":"shorten","user_id":"8c21806bdd82deb8f4c47bb3b0391a7f","url":"https://ya.ru"}
{"ts":1760728295,"action":"shorten","user_id":"","url":"https://ya.ru"}
{"ts":1760728299,"action":"shorten","user_id":"8966317e621dc323eb50128ce985b6d2","url":"https://ya.ru"}
{"ts":1760728300,"action":"shorten","user_id":"8966317e621dc323eb50128ce985b6d2","url":"https://ya.ru"}
{"ts":1760728300,"action":"shorten","user_id":"8966317e621dc323eb50128ce985b6d2","url":"https://ya.ru"}
{"ts":1760728301,"action":"shorten","user_id":"8966317e621dc323eb50128ce985b6d2","url":"https://ya.ru"}
{"ts":1760729675,"action":"shorten","user_id":"","url":"https://ya.ru"}
{"ts":1760729675,"action":"shorten","user_id":"2f023fa4c09e73bd69519865bbea76f9","url":"https://ya.ru"}
{"ts":1760729676,"action":"shorten","user_id":"2f023fa4c09e73bd69519865bbea76f9","url":"https://ya.ru"}
{"ts":1760729676,"action":"shorten","user_id":"2f023fa4c09e73bd69519865bbea76f9","url":"https://ya.ru"}
{"ts":1760729676,"action":"shorten","user_id":"2f023fa4c09e73bd69519865bbea76f9","url":"https://ya.ru"}
{"ts":1760729677,"action":"shorten","user_id":"2f023fa4c09e73bd69519865bbea76f9","url":"https://ya.ru"}
{"ts":1760729962,"action":"shorten","user_id":"","url":"https://ya.ru"}
{"ts":1760729963,"action":"shorten","user_id":"533140eb094f75e50f703ae206c44019","url":"https://ya.ru"}
{"ts":1760729963,"action":"shorten","user_id":"533140eb094f75e50f703ae206c44019","url":"https://ya.ru"}
{"ts":1760729964,"action":"shorten","user_id":"533140eb094f75e50f703ae206c44019","url":"https://ya.ru"}
{"ts":1760729967,"action":"shorten","user_id":"533140eb094f75e50f703ae206c44019","url":"https://ya.ru"}
{"ts":1760759640,"action":"shorten","user_id":"","url":"https://ya.ru"}
{"ts":1760759684,"action":"shorten","user_id":"2208d6e5f870b46b88333587cbd48591","url":"https://ya.ru"}
{"ts":1760759785,"action":"shorten","user_id":"","url":"https://ya.ru"}
{"ts":1760760025,"action":"shorten","user_id":"51eaa4791a9b9c45c4e43613064b0ae5","url":"https://ya.ru/2"}
{"ts":1760760046,"action":"shorten","user_id":"","url":"https://ya.ru/3"}
{"ts":1760760189,"action":"shorten","user_id":"e84c8f4cc4f8a0c83ac9367b49ec42ee","url":"https://ya.ru/3"}
